2023-12-12 08:23:54,611:WARNING:
'cuml' is a soft dependency and not included in the pycaret installation. Please run: `pip install cuml` to install.
2023-12-12 08:23:54,611:WARNING:
'cuml' is a soft dependency and not included in the pycaret installation. Please run: `pip install cuml` to install.
2023-12-12 08:23:54,611:WARNING:
'cuml' is a soft dependency and not included in the pycaret installation. Please run: `pip install cuml` to install.
2023-12-12 08:23:54,611:WARNING:
'cuml' is a soft dependency and not included in the pycaret installation. Please run: `pip install cuml` to install.
2023-12-12 08:40:51,341:INFO:PyCaret RegressionExperiment
2023-12-12 08:40:51,341:INFO:Logging name: reg-default-name
2023-12-12 08:40:51,341:INFO:ML Usecase: MLUsecase.REGRESSION
2023-12-12 08:40:51,341:INFO:version 3.2.0
2023-12-12 08:40:51,341:INFO:Initializing setup()
2023-12-12 08:40:51,341:INFO:self.USI: 3432
2023-12-12 08:40:51,341:INFO:self._variable_keys: {'X_test', 'USI', 'y_train', 'gpu_param', '_available_plots', 'log_plots_param', 'y', 'transform_target_param', 'logging_param', 'fold_shuffle_param', 'target_param', 'gpu_n_jobs_param', 'fold_generator', 'memory', 'pipeline', '_ml_usecase', 'exp_name_log', 'n_jobs_param', 'data', 'html_param', 'fold_groups_param', 'idx', 'X', 'X_train', 'exp_id', 'seed', 'y_test'}
2023-12-12 08:40:51,341:INFO:Checking environment
2023-12-12 08:40:51,341:INFO:python_version: 3.10.6
2023-12-12 08:40:51,341:INFO:python_build: ('tags/v3.10.6:9c7b4bd', 'Aug  1 2022 21:53:49')
2023-12-12 08:40:51,341:INFO:machine: AMD64
2023-12-12 08:40:51,498:INFO:platform: Windows-10-10.0.22621-SP0
2023-12-12 08:40:51,505:INFO:Memory: svmem(total=4016865280, available=26324992, percent=99.3, used=3990540288, free=26324992)
2023-12-12 08:40:51,505:INFO:Physical Core: 2
2023-12-12 08:40:51,505:INFO:Logical Core: 4
2023-12-12 08:40:51,505:INFO:Checking libraries
2023-12-12 08:40:51,505:INFO:System:
2023-12-12 08:40:51,506:INFO:    python: 3.10.6 (tags/v3.10.6:9c7b4bd, Aug  1 2022, 21:53:49) [MSC v.1932 64 bit (AMD64)]
2023-12-12 08:40:51,507:INFO:executable: C:\Users\DELL\AppData\Local\Programs\Python\Python310\python.exe
2023-12-12 08:40:51,507:INFO:   machine: Windows-10-10.0.22621-SP0
2023-12-12 08:40:51,507:INFO:PyCaret required dependencies:
2023-12-12 08:40:51,671:INFO:                 pip: 22.2.1
2023-12-12 08:40:51,672:INFO:          setuptools: 63.2.0
2023-12-12 08:40:51,672:INFO:             pycaret: 3.2.0
2023-12-12 08:40:51,672:INFO:             IPython: 8.18.1
2023-12-12 08:40:51,672:INFO:          ipywidgets: 8.1.1
2023-12-12 08:40:51,672:INFO:                tqdm: 4.66.1
2023-12-12 08:40:51,672:INFO:               numpy: 1.25.2
2023-12-12 08:40:51,672:INFO:              pandas: 1.5.3
2023-12-12 08:40:51,672:INFO:              jinja2: 3.1.2
2023-12-12 08:40:51,672:INFO:               scipy: 1.10.1
2023-12-12 08:40:51,672:INFO:              joblib: 1.3.2
2023-12-12 08:40:51,672:INFO:             sklearn: 1.2.2
2023-12-12 08:40:51,673:INFO:                pyod: 1.1.2
2023-12-12 08:40:51,673:INFO:            imblearn: 0.11.0
2023-12-12 08:40:51,673:INFO:   category_encoders: 2.6.3
2023-12-12 08:40:51,673:INFO:            lightgbm: 4.1.0
2023-12-12 08:40:51,673:INFO:               numba: 0.58.1
2023-12-12 08:40:51,673:INFO:            requests: 2.31.0
2023-12-12 08:40:51,673:INFO:          matplotlib: 3.6.0
2023-12-12 08:40:51,673:INFO:          scikitplot: 0.3.7
2023-12-12 08:40:51,673:INFO:         yellowbrick: 1.5
2023-12-12 08:40:51,674:INFO:              plotly: 5.18.0
2023-12-12 08:40:51,674:INFO:    plotly-resampler: Not installed
2023-12-12 08:40:51,674:INFO:             kaleido: 0.2.1
2023-12-12 08:40:51,674:INFO:           schemdraw: 0.15
2023-12-12 08:40:51,674:INFO:         statsmodels: 0.14.0
2023-12-12 08:40:51,674:INFO:              sktime: 0.21.1
2023-12-12 08:40:51,674:INFO:               tbats: 1.1.3
2023-12-12 08:40:51,674:INFO:            pmdarima: 2.0.4
2023-12-12 08:40:51,674:INFO:              psutil: 5.9.6
2023-12-12 08:40:51,674:INFO:          markupsafe: 2.1.3
2023-12-12 08:40:51,674:INFO:             pickle5: Not installed
2023-12-12 08:40:51,674:INFO:         cloudpickle: 3.0.0
2023-12-12 08:40:51,674:INFO:         deprecation: 2.1.0
2023-12-12 08:40:51,674:INFO:              xxhash: 3.4.1
2023-12-12 08:40:51,674:INFO:           wurlitzer: Not installed
2023-12-12 08:40:51,674:INFO:PyCaret optional dependencies:
2023-12-12 08:40:51,674:INFO:                shap: Not installed
2023-12-12 08:40:51,674:INFO:           interpret: Not installed
2023-12-12 08:40:51,674:INFO:                umap: Not installed
2023-12-12 08:40:51,674:INFO:     ydata_profiling: 4.6.3
2023-12-12 08:40:51,674:INFO:  explainerdashboard: Not installed
2023-12-12 08:40:51,674:INFO:             autoviz: Not installed
2023-12-12 08:40:51,674:INFO:           fairlearn: Not installed
2023-12-12 08:40:51,674:INFO:          deepchecks: Not installed
2023-12-12 08:40:51,674:INFO:             xgboost: Not installed
2023-12-12 08:40:51,674:INFO:            catboost: Not installed
2023-12-12 08:40:51,674:INFO:              kmodes: Not installed
2023-12-12 08:40:51,674:INFO:             mlxtend: Not installed
2023-12-12 08:40:51,674:INFO:       statsforecast: Not installed
2023-12-12 08:40:51,674:INFO:        tune_sklearn: Not installed
2023-12-12 08:40:51,674:INFO:                 ray: Not installed
2023-12-12 08:40:51,674:INFO:            hyperopt: Not installed
2023-12-12 08:40:51,674:INFO:              optuna: Not installed
2023-12-12 08:40:51,674:INFO:               skopt: Not installed
2023-12-12 08:40:51,674:INFO:              mlflow: Not installed
2023-12-12 08:40:51,674:INFO:              gradio: Not installed
2023-12-12 08:40:51,674:INFO:             fastapi: Not installed
2023-12-12 08:40:51,674:INFO:             uvicorn: Not installed
2023-12-12 08:40:51,674:INFO:              m2cgen: Not installed
2023-12-12 08:40:51,674:INFO:           evidently: Not installed
2023-12-12 08:40:51,674:INFO:               fugue: Not installed
2023-12-12 08:40:51,674:INFO:           streamlit: 1.29.0
2023-12-12 08:40:51,674:INFO:             prophet: Not installed
2023-12-12 08:40:51,674:INFO:None
2023-12-12 08:40:51,674:INFO:Set up data.
2023-12-12 08:40:51,724:INFO:Set up folding strategy.
2023-12-12 08:40:51,724:INFO:Set up train/test split.
2023-12-12 08:40:51,741:INFO:Set up index.
2023-12-12 08:40:51,741:INFO:Assigning column types.
2023-12-12 08:40:51,741:INFO:Engine successfully changes for model 'lr' to 'sklearn'.
2023-12-12 08:40:51,756:INFO:Engine for model 'lasso' has not been set explicitly, hence returning None.
2023-12-12 08:40:51,758:INFO:Engine for model 'ridge' has not been set explicitly, hence returning None.
2023-12-12 08:40:51,774:INFO:Engine for model 'en' has not been set explicitly, hence returning None.
2023-12-12 08:40:51,891:INFO:Engine for model 'svm' has not been set explicitly, hence returning None.
2023-12-12 08:40:51,974:INFO:Engine for model 'knn' has not been set explicitly, hence returning None.
2023-12-12 08:40:51,974:WARNING:
'xgboost' is a soft dependency and not included in the pycaret installation. Please run: `pip install xgboost` to install.
Alternately, you can install this by running `pip install pycaret[models]`
2023-12-12 08:40:51,974:WARNING:
'catboost' is a soft dependency and not included in the pycaret installation. Please run: `pip install catboost` to install.
Alternately, you can install this by running `pip install pycaret[models]`
2023-12-12 08:40:51,974:INFO:Engine for model 'lasso' has not been set explicitly, hence returning None.
2023-12-12 08:40:51,974:INFO:Engine for model 'ridge' has not been set explicitly, hence returning None.
2023-12-12 08:40:51,991:INFO:Engine for model 'en' has not been set explicitly, hence returning None.
2023-12-12 08:40:52,108:INFO:Engine for model 'svm' has not been set explicitly, hence returning None.
2023-12-12 08:40:52,158:INFO:Engine for model 'knn' has not been set explicitly, hence returning None.
2023-12-12 08:40:52,158:WARNING:
'xgboost' is a soft dependency and not included in the pycaret installation. Please run: `pip install xgboost` to install.
Alternately, you can install this by running `pip install pycaret[models]`
2023-12-12 08:40:52,158:WARNING:
'catboost' is a soft dependency and not included in the pycaret installation. Please run: `pip install catboost` to install.
Alternately, you can install this by running `pip install pycaret[models]`
2023-12-12 08:40:52,158:INFO:Engine successfully changes for model 'lasso' to 'sklearn'.
2023-12-12 08:40:52,158:INFO:Engine for model 'ridge' has not been set explicitly, hence returning None.
2023-12-12 08:40:52,158:INFO:Engine for model 'en' has not been set explicitly, hence returning None.
2023-12-12 08:40:52,207:INFO:Engine for model 'svm' has not been set explicitly, hence returning None.
2023-12-12 08:40:52,257:INFO:Engine for model 'knn' has not been set explicitly, hence returning None.
2023-12-12 08:40:52,257:WARNING:
'xgboost' is a soft dependency and not included in the pycaret installation. Please run: `pip install xgboost` to install.
Alternately, you can install this by running `pip install pycaret[models]`
2023-12-12 08:40:52,257:WARNING:
'catboost' is a soft dependency and not included in the pycaret installation. Please run: `pip install catboost` to install.
Alternately, you can install this by running `pip install pycaret[models]`
2023-12-12 08:40:52,257:INFO:Engine for model 'ridge' has not been set explicitly, hence returning None.
2023-12-12 08:40:52,257:INFO:Engine for model 'en' has not been set explicitly, hence returning None.
2023-12-12 08:40:52,307:INFO:Engine for model 'svm' has not been set explicitly, hence returning None.
2023-12-12 08:40:52,357:INFO:Engine for model 'knn' has not been set explicitly, hence returning None.
2023-12-12 08:40:52,357:WARNING:
'xgboost' is a soft dependency and not included in the pycaret installation. Please run: `pip install xgboost` to install.
Alternately, you can install this by running `pip install pycaret[models]`
2023-12-12 08:40:52,357:WARNING:
'catboost' is a soft dependency and not included in the pycaret installation. Please run: `pip install catboost` to install.
Alternately, you can install this by running `pip install pycaret[models]`
2023-12-12 08:40:52,357:INFO:Engine successfully changes for model 'ridge' to 'sklearn'.
2023-12-12 08:40:52,375:INFO:Engine for model 'en' has not been set explicitly, hence returning None.
2023-12-12 08:40:52,425:INFO:Engine for model 'svm' has not been set explicitly, hence returning None.
2023-12-12 08:40:52,473:INFO:Engine for model 'knn' has not been set explicitly, hence returning None.
2023-12-12 08:40:52,489:WARNING:
'xgboost' is a soft dependency and not included in the pycaret installation. Please run: `pip install xgboost` to install.
Alternately, you can install this by running `pip install pycaret[models]`
2023-12-12 08:40:52,489:WARNING:
'catboost' is a soft dependency and not included in the pycaret installation. Please run: `pip install catboost` to install.
Alternately, you can install this by running `pip install pycaret[models]`
2023-12-12 08:40:52,490:INFO:Engine for model 'en' has not been set explicitly, hence returning None.
2023-12-12 08:40:52,573:INFO:Engine for model 'svm' has not been set explicitly, hence returning None.
2023-12-12 08:40:52,674:INFO:Engine for model 'knn' has not been set explicitly, hence returning None.
2023-12-12 08:40:52,674:WARNING:
'xgboost' is a soft dependency and not included in the pycaret installation. Please run: `pip install xgboost` to install.
Alternately, you can install this by running `pip install pycaret[models]`
2023-12-12 08:40:52,674:WARNING:
'catboost' is a soft dependency and not included in the pycaret installation. Please run: `pip install catboost` to install.
Alternately, you can install this by running `pip install pycaret[models]`
2023-12-12 08:40:52,674:INFO:Engine successfully changes for model 'en' to 'sklearn'.
2023-12-12 08:40:52,791:INFO:Engine for model 'svm' has not been set explicitly, hence returning None.
2023-12-12 08:40:52,845:INFO:Engine for model 'knn' has not been set explicitly, hence returning None.
2023-12-12 08:40:52,845:WARNING:
'xgboost' is a soft dependency and not included in the pycaret installation. Please run: `pip install xgboost` to install.
Alternately, you can install this by running `pip install pycaret[models]`
2023-12-12 08:40:52,846:WARNING:
'catboost' is a soft dependency and not included in the pycaret installation. Please run: `pip install catboost` to install.
Alternately, you can install this by running `pip install pycaret[models]`
2023-12-12 08:40:52,898:INFO:Engine for model 'svm' has not been set explicitly, hence returning None.
2023-12-12 08:40:52,923:INFO:Engine for model 'knn' has not been set explicitly, hence returning None.
2023-12-12 08:40:52,939:WARNING:
'xgboost' is a soft dependency and not included in the pycaret installation. Please run: `pip install xgboost` to install.
Alternately, you can install this by running `pip install pycaret[models]`
2023-12-12 08:40:52,939:WARNING:
'catboost' is a soft dependency and not included in the pycaret installation. Please run: `pip install catboost` to install.
Alternately, you can install this by running `pip install pycaret[models]`
2023-12-12 08:40:52,939:INFO:Engine successfully changes for model 'knn' to 'sklearn'.
2023-12-12 08:40:52,986:INFO:Engine for model 'svm' has not been set explicitly, hence returning None.
2023-12-12 08:40:53,023:WARNING:
'xgboost' is a soft dependency and not included in the pycaret installation. Please run: `pip install xgboost` to install.
Alternately, you can install this by running `pip install pycaret[models]`
2023-12-12 08:40:53,023:WARNING:
'catboost' is a soft dependency and not included in the pycaret installation. Please run: `pip install catboost` to install.
Alternately, you can install this by running `pip install pycaret[models]`
2023-12-12 08:40:53,075:INFO:Engine for model 'svm' has not been set explicitly, hence returning None.
2023-12-12 08:40:53,117:WARNING:
'xgboost' is a soft dependency and not included in the pycaret installation. Please run: `pip install xgboost` to install.
Alternately, you can install this by running `pip install pycaret[models]`
2023-12-12 08:40:53,117:WARNING:
'catboost' is a soft dependency and not included in the pycaret installation. Please run: `pip install catboost` to install.
Alternately, you can install this by running `pip install pycaret[models]`
2023-12-12 08:40:53,117:INFO:Engine successfully changes for model 'svm' to 'sklearn'.
2023-12-12 08:40:53,206:WARNING:
'xgboost' is a soft dependency and not included in the pycaret installation. Please run: `pip install xgboost` to install.
Alternately, you can install this by running `pip install pycaret[models]`
2023-12-12 08:40:53,206:WARNING:
'catboost' is a soft dependency and not included in the pycaret installation. Please run: `pip install catboost` to install.
Alternately, you can install this by running `pip install pycaret[models]`
2023-12-12 08:40:53,290:WARNING:
'xgboost' is a soft dependency and not included in the pycaret installation. Please run: `pip install xgboost` to install.
Alternately, you can install this by running `pip install pycaret[models]`
2023-12-12 08:40:53,291:WARNING:
'catboost' is a soft dependency and not included in the pycaret installation. Please run: `pip install catboost` to install.
Alternately, you can install this by running `pip install pycaret[models]`
2023-12-12 08:40:53,291:INFO:Preparing preprocessing pipeline...
2023-12-12 08:40:53,291:INFO:Set up simple imputation.
2023-12-12 08:40:53,308:INFO:Set up encoding of categorical features.
2023-12-12 08:41:02,514:INFO:PyCaret RegressionExperiment
2023-12-12 08:41:02,515:INFO:Logging name: reg-default-name
2023-12-12 08:41:02,515:INFO:ML Usecase: MLUsecase.REGRESSION
2023-12-12 08:41:02,515:INFO:version 3.2.0
2023-12-12 08:41:02,515:INFO:Initializing setup()
2023-12-12 08:41:02,515:INFO:self.USI: 2b24
2023-12-12 08:41:02,515:INFO:self._variable_keys: {'X_test', 'USI', 'y_train', 'gpu_param', '_available_plots', 'log_plots_param', 'y', 'transform_target_param', 'logging_param', 'fold_shuffle_param', 'target_param', 'gpu_n_jobs_param', 'fold_generator', 'memory', 'pipeline', '_ml_usecase', 'exp_name_log', 'n_jobs_param', 'data', 'html_param', 'fold_groups_param', 'idx', 'X', 'X_train', 'exp_id', 'seed', 'y_test'}
2023-12-12 08:41:02,515:INFO:Checking environment
2023-12-12 08:41:02,515:INFO:python_version: 3.10.6
2023-12-12 08:41:02,515:INFO:python_build: ('tags/v3.10.6:9c7b4bd', 'Aug  1 2022 21:53:49')
2023-12-12 08:41:02,515:INFO:machine: AMD64
2023-12-12 08:41:02,515:INFO:platform: Windows-10-10.0.22621-SP0
2023-12-12 08:41:02,523:INFO:Memory: svmem(total=4016865280, available=228540416, percent=94.3, used=3788324864, free=228540416)
2023-12-12 08:41:02,526:INFO:Physical Core: 2
2023-12-12 08:41:02,528:INFO:Logical Core: 4
2023-12-12 08:41:02,531:INFO:Checking libraries
2023-12-12 08:41:02,532:INFO:System:
2023-12-12 08:41:02,532:INFO:    python: 3.10.6 (tags/v3.10.6:9c7b4bd, Aug  1 2022, 21:53:49) [MSC v.1932 64 bit (AMD64)]
2023-12-12 08:41:02,532:INFO:executable: C:\Users\DELL\AppData\Local\Programs\Python\Python310\python.exe
2023-12-12 08:41:02,532:INFO:   machine: Windows-10-10.0.22621-SP0
2023-12-12 08:41:02,532:INFO:PyCaret required dependencies:
2023-12-12 08:41:02,533:INFO:                 pip: 22.2.1
2023-12-12 08:41:02,533:INFO:          setuptools: 63.2.0
2023-12-12 08:41:02,533:INFO:             pycaret: 3.2.0
2023-12-12 08:41:02,533:INFO:             IPython: 8.18.1
2023-12-12 08:41:02,533:INFO:          ipywidgets: 8.1.1
2023-12-12 08:41:02,533:INFO:                tqdm: 4.66.1
2023-12-12 08:41:02,533:INFO:               numpy: 1.25.2
2023-12-12 08:41:02,533:INFO:              pandas: 1.5.3
2023-12-12 08:41:02,533:INFO:              jinja2: 3.1.2
2023-12-12 08:41:02,533:INFO:               scipy: 1.10.1
2023-12-12 08:41:02,533:INFO:              joblib: 1.3.2
2023-12-12 08:41:02,533:INFO:             sklearn: 1.2.2
2023-12-12 08:41:02,533:INFO:                pyod: 1.1.2
2023-12-12 08:41:02,533:INFO:            imblearn: 0.11.0
2023-12-12 08:41:02,533:INFO:   category_encoders: 2.6.3
2023-12-12 08:41:02,533:INFO:            lightgbm: 4.1.0
2023-12-12 08:41:02,533:INFO:               numba: 0.58.1
2023-12-12 08:41:02,533:INFO:            requests: 2.31.0
2023-12-12 08:41:02,535:INFO:          matplotlib: 3.6.0
2023-12-12 08:41:02,535:INFO:          scikitplot: 0.3.7
2023-12-12 08:41:02,535:INFO:         yellowbrick: 1.5
2023-12-12 08:41:02,535:INFO:              plotly: 5.18.0
2023-12-12 08:41:02,535:INFO:    plotly-resampler: Not installed
2023-12-12 08:41:02,535:INFO:             kaleido: 0.2.1
2023-12-12 08:41:02,535:INFO:           schemdraw: 0.15
2023-12-12 08:41:02,535:INFO:         statsmodels: 0.14.0
2023-12-12 08:41:02,535:INFO:              sktime: 0.21.1
2023-12-12 08:41:02,536:INFO:               tbats: 1.1.3
2023-12-12 08:41:02,536:INFO:            pmdarima: 2.0.4
2023-12-12 08:41:02,536:INFO:              psutil: 5.9.6
2023-12-12 08:41:02,536:INFO:          markupsafe: 2.1.3
2023-12-12 08:41:02,536:INFO:             pickle5: Not installed
2023-12-12 08:41:02,536:INFO:         cloudpickle: 3.0.0
2023-12-12 08:41:02,536:INFO:         deprecation: 2.1.0
2023-12-12 08:41:02,536:INFO:              xxhash: 3.4.1
2023-12-12 08:41:02,536:INFO:           wurlitzer: Not installed
2023-12-12 08:41:02,536:INFO:PyCaret optional dependencies:
2023-12-12 08:41:02,536:INFO:                shap: Not installed
2023-12-12 08:41:02,536:INFO:           interpret: Not installed
2023-12-12 08:41:02,536:INFO:                umap: Not installed
2023-12-12 08:41:02,536:INFO:     ydata_profiling: 4.6.3
2023-12-12 08:41:02,536:INFO:  explainerdashboard: Not installed
2023-12-12 08:41:02,537:INFO:             autoviz: Not installed
2023-12-12 08:41:02,537:INFO:           fairlearn: Not installed
2023-12-12 08:41:02,537:INFO:          deepchecks: Not installed
2023-12-12 08:41:02,537:INFO:             xgboost: Not installed
2023-12-12 08:41:02,537:INFO:            catboost: Not installed
2023-12-12 08:41:02,537:INFO:              kmodes: Not installed
2023-12-12 08:41:02,537:INFO:             mlxtend: Not installed
2023-12-12 08:41:02,539:INFO:       statsforecast: Not installed
2023-12-12 08:41:02,540:INFO:        tune_sklearn: Not installed
2023-12-12 08:41:02,540:INFO:                 ray: Not installed
2023-12-12 08:41:02,540:INFO:            hyperopt: Not installed
2023-12-12 08:41:02,540:INFO:              optuna: Not installed
2023-12-12 08:41:02,540:INFO:               skopt: Not installed
2023-12-12 08:41:02,540:INFO:              mlflow: Not installed
2023-12-12 08:41:02,540:INFO:              gradio: Not installed
2023-12-12 08:41:02,540:INFO:             fastapi: Not installed
2023-12-12 08:41:02,541:INFO:             uvicorn: Not installed
2023-12-12 08:41:02,541:INFO:              m2cgen: Not installed
2023-12-12 08:41:02,541:INFO:           evidently: Not installed
2023-12-12 08:41:02,541:INFO:               fugue: Not installed
2023-12-12 08:41:02,541:INFO:           streamlit: 1.29.0
2023-12-12 08:41:02,541:INFO:             prophet: Not installed
2023-12-12 08:41:02,541:INFO:None
2023-12-12 08:41:02,541:INFO:Set up data.
2023-12-12 08:41:02,556:INFO:Set up folding strategy.
2023-12-12 08:41:02,556:INFO:Set up train/test split.
2023-12-12 08:41:02,566:INFO:Set up index.
2023-12-12 08:41:02,566:INFO:Assigning column types.
2023-12-12 08:41:02,573:INFO:Engine successfully changes for model 'lr' to 'sklearn'.
2023-12-12 08:41:02,573:INFO:Engine for model 'lasso' has not been set explicitly, hence returning None.
2023-12-12 08:41:02,573:INFO:Engine for model 'ridge' has not been set explicitly, hence returning None.
2023-12-12 08:41:02,573:INFO:Engine for model 'en' has not been set explicitly, hence returning None.
2023-12-12 08:41:02,623:INFO:Engine for model 'svm' has not been set explicitly, hence returning None.
2023-12-12 08:41:02,673:INFO:Engine for model 'knn' has not been set explicitly, hence returning None.
2023-12-12 08:41:02,673:WARNING:
'xgboost' is a soft dependency and not included in the pycaret installation. Please run: `pip install xgboost` to install.
Alternately, you can install this by running `pip install pycaret[models]`
2023-12-12 08:41:02,673:WARNING:
'catboost' is a soft dependency and not included in the pycaret installation. Please run: `pip install catboost` to install.
Alternately, you can install this by running `pip install pycaret[models]`
2023-12-12 08:41:02,673:INFO:Engine for model 'lasso' has not been set explicitly, hence returning None.
2023-12-12 08:41:02,673:INFO:Engine for model 'ridge' has not been set explicitly, hence returning None.
2023-12-12 08:41:02,673:INFO:Engine for model 'en' has not been set explicitly, hence returning None.
2023-12-12 08:41:02,735:INFO:Engine for model 'svm' has not been set explicitly, hence returning None.
2023-12-12 08:41:02,766:INFO:Engine for model 'knn' has not been set explicitly, hence returning None.
2023-12-12 08:41:02,766:WARNING:
'xgboost' is a soft dependency and not included in the pycaret installation. Please run: `pip install xgboost` to install.
Alternately, you can install this by running `pip install pycaret[models]`
2023-12-12 08:41:02,766:WARNING:
'catboost' is a soft dependency and not included in the pycaret installation. Please run: `pip install catboost` to install.
Alternately, you can install this by running `pip install pycaret[models]`
2023-12-12 08:41:02,766:INFO:Engine successfully changes for model 'lasso' to 'sklearn'.
2023-12-12 08:41:02,771:INFO:Engine for model 'ridge' has not been set explicitly, hence returning None.
2023-12-12 08:41:02,771:INFO:Engine for model 'en' has not been set explicitly, hence returning None.
2023-12-12 08:41:02,818:INFO:Engine for model 'svm' has not been set explicitly, hence returning None.
2023-12-12 08:41:02,861:INFO:Engine for model 'knn' has not been set explicitly, hence returning None.
2023-12-12 08:41:02,862:WARNING:
'xgboost' is a soft dependency and not included in the pycaret installation. Please run: `pip install xgboost` to install.
Alternately, you can install this by running `pip install pycaret[models]`
2023-12-12 08:41:02,862:WARNING:
'catboost' is a soft dependency and not included in the pycaret installation. Please run: `pip install catboost` to install.
Alternately, you can install this by running `pip install pycaret[models]`
2023-12-12 08:41:02,866:INFO:Engine for model 'ridge' has not been set explicitly, hence returning None.
2023-12-12 08:41:02,869:INFO:Engine for model 'en' has not been set explicitly, hence returning None.
2023-12-12 08:41:02,905:INFO:Engine for model 'svm' has not been set explicitly, hence returning None.
2023-12-12 08:41:02,956:INFO:Engine for model 'knn' has not been set explicitly, hence returning None.
2023-12-12 08:41:02,956:WARNING:
'xgboost' is a soft dependency and not included in the pycaret installation. Please run: `pip install xgboost` to install.
Alternately, you can install this by running `pip install pycaret[models]`
2023-12-12 08:41:02,956:WARNING:
'catboost' is a soft dependency and not included in the pycaret installation. Please run: `pip install catboost` to install.
Alternately, you can install this by running `pip install pycaret[models]`
2023-12-12 08:41:02,956:INFO:Engine successfully changes for model 'ridge' to 'sklearn'.
2023-12-12 08:41:02,966:INFO:Engine for model 'en' has not been set explicitly, hence returning None.
2023-12-12 08:41:03,017:INFO:Engine for model 'svm' has not been set explicitly, hence returning None.
2023-12-12 08:41:03,066:INFO:Engine for model 'knn' has not been set explicitly, hence returning None.
2023-12-12 08:41:03,066:WARNING:
'xgboost' is a soft dependency and not included in the pycaret installation. Please run: `pip install xgboost` to install.
Alternately, you can install this by running `pip install pycaret[models]`
2023-12-12 08:41:03,066:WARNING:
'catboost' is a soft dependency and not included in the pycaret installation. Please run: `pip install catboost` to install.
Alternately, you can install this by running `pip install pycaret[models]`
2023-12-12 08:41:03,073:INFO:Engine for model 'en' has not been set explicitly, hence returning None.
2023-12-12 08:41:03,139:INFO:Engine for model 'svm' has not been set explicitly, hence returning None.
2023-12-12 08:41:03,206:INFO:Engine for model 'knn' has not been set explicitly, hence returning None.
2023-12-12 08:41:03,206:WARNING:
'xgboost' is a soft dependency and not included in the pycaret installation. Please run: `pip install xgboost` to install.
Alternately, you can install this by running `pip install pycaret[models]`
2023-12-12 08:41:03,206:WARNING:
'catboost' is a soft dependency and not included in the pycaret installation. Please run: `pip install catboost` to install.
Alternately, you can install this by running `pip install pycaret[models]`
2023-12-12 08:41:03,206:INFO:Engine successfully changes for model 'en' to 'sklearn'.
2023-12-12 08:41:03,290:INFO:Engine for model 'svm' has not been set explicitly, hence returning None.
2023-12-12 08:41:03,356:INFO:Engine for model 'knn' has not been set explicitly, hence returning None.
2023-12-12 08:41:03,356:WARNING:
'xgboost' is a soft dependency and not included in the pycaret installation. Please run: `pip install xgboost` to install.
Alternately, you can install this by running `pip install pycaret[models]`
2023-12-12 08:41:03,356:WARNING:
'catboost' is a soft dependency and not included in the pycaret installation. Please run: `pip install catboost` to install.
Alternately, you can install this by running `pip install pycaret[models]`
2023-12-12 08:41:03,422:INFO:Engine for model 'svm' has not been set explicitly, hence returning None.
2023-12-12 08:41:03,456:INFO:Engine for model 'knn' has not been set explicitly, hence returning None.
2023-12-12 08:41:03,456:WARNING:
'xgboost' is a soft dependency and not included in the pycaret installation. Please run: `pip install xgboost` to install.
Alternately, you can install this by running `pip install pycaret[models]`
2023-12-12 08:41:03,456:WARNING:
'catboost' is a soft dependency and not included in the pycaret installation. Please run: `pip install catboost` to install.
Alternately, you can install this by running `pip install pycaret[models]`
2023-12-12 08:41:03,456:INFO:Engine successfully changes for model 'knn' to 'sklearn'.
2023-12-12 08:41:03,506:INFO:Engine for model 'svm' has not been set explicitly, hence returning None.
2023-12-12 08:41:03,557:WARNING:
'xgboost' is a soft dependency and not included in the pycaret installation. Please run: `pip install xgboost` to install.
Alternately, you can install this by running `pip install pycaret[models]`
2023-12-12 08:41:03,557:WARNING:
'catboost' is a soft dependency and not included in the pycaret installation. Please run: `pip install catboost` to install.
Alternately, you can install this by running `pip install pycaret[models]`
2023-12-12 08:41:03,641:INFO:Engine for model 'svm' has not been set explicitly, hence returning None.
2023-12-12 08:41:03,774:WARNING:
'xgboost' is a soft dependency and not included in the pycaret installation. Please run: `pip install xgboost` to install.
Alternately, you can install this by running `pip install pycaret[models]`
2023-12-12 08:41:03,774:WARNING:
'catboost' is a soft dependency and not included in the pycaret installation. Please run: `pip install catboost` to install.
Alternately, you can install this by running `pip install pycaret[models]`
2023-12-12 08:41:03,774:INFO:Engine successfully changes for model 'svm' to 'sklearn'.
2023-12-12 08:41:04,522:WARNING:
'xgboost' is a soft dependency and not included in the pycaret installation. Please run: `pip install xgboost` to install.
Alternately, you can install this by running `pip install pycaret[models]`
2023-12-12 08:41:04,522:WARNING:
'catboost' is a soft dependency and not included in the pycaret installation. Please run: `pip install catboost` to install.
Alternately, you can install this by running `pip install pycaret[models]`
2023-12-12 08:41:04,622:WARNING:
'xgboost' is a soft dependency and not included in the pycaret installation. Please run: `pip install xgboost` to install.
Alternately, you can install this by running `pip install pycaret[models]`
2023-12-12 08:41:04,622:WARNING:
'catboost' is a soft dependency and not included in the pycaret installation. Please run: `pip install catboost` to install.
Alternately, you can install this by running `pip install pycaret[models]`
2023-12-12 08:41:04,622:INFO:Preparing preprocessing pipeline...
2023-12-12 08:41:04,622:INFO:Set up simple imputation.
2023-12-12 08:41:04,638:INFO:Set up encoding of ordinal features.
2023-12-12 08:41:04,641:INFO:Set up encoding of categorical features.
2023-12-12 16:52:53,199:WARNING:
'cuml' is a soft dependency and not included in the pycaret installation. Please run: `pip install cuml` to install.
2023-12-12 16:52:53,201:WARNING:
'cuml' is a soft dependency and not included in the pycaret installation. Please run: `pip install cuml` to install.
2023-12-12 16:52:53,201:WARNING:
'cuml' is a soft dependency and not included in the pycaret installation. Please run: `pip install cuml` to install.
2023-12-12 16:52:53,201:WARNING:
'cuml' is a soft dependency and not included in the pycaret installation. Please run: `pip install cuml` to install.
2023-12-13 17:09:37,155:WARNING:
'cuml' is a soft dependency and not included in the pycaret installation. Please run: `pip install cuml` to install.
2023-12-13 17:09:37,156:WARNING:
'cuml' is a soft dependency and not included in the pycaret installation. Please run: `pip install cuml` to install.
2023-12-13 17:09:37,156:WARNING:
'cuml' is a soft dependency and not included in the pycaret installation. Please run: `pip install cuml` to install.
2023-12-13 17:09:37,156:WARNING:
'cuml' is a soft dependency and not included in the pycaret installation. Please run: `pip install cuml` to install.
2023-12-13 21:23:41,484:WARNING:
'cuml' is a soft dependency and not included in the pycaret installation. Please run: `pip install cuml` to install.
2023-12-13 21:23:41,485:WARNING:
'cuml' is a soft dependency and not included in the pycaret installation. Please run: `pip install cuml` to install.
2023-12-13 21:23:41,485:WARNING:
'cuml' is a soft dependency and not included in the pycaret installation. Please run: `pip install cuml` to install.
2023-12-13 21:23:41,485:WARNING:
'cuml' is a soft dependency and not included in the pycaret installation. Please run: `pip install cuml` to install.
2023-12-14 21:31:39,870:WARNING:
'cuml' is a soft dependency and not included in the pycaret installation. Please run: `pip install cuml` to install.
2023-12-14 21:31:39,871:WARNING:
'cuml' is a soft dependency and not included in the pycaret installation. Please run: `pip install cuml` to install.
2023-12-14 21:31:39,871:WARNING:
'cuml' is a soft dependency and not included in the pycaret installation. Please run: `pip install cuml` to install.
2023-12-14 21:31:39,872:WARNING:
'cuml' is a soft dependency and not included in the pycaret installation. Please run: `pip install cuml` to install.
2023-12-16 22:08:08,074:WARNING:
'cuml' is a soft dependency and not included in the pycaret installation. Please run: `pip install cuml` to install.
2023-12-16 22:08:08,075:WARNING:
'cuml' is a soft dependency and not included in the pycaret installation. Please run: `pip install cuml` to install.
2023-12-16 22:08:08,075:WARNING:
'cuml' is a soft dependency and not included in the pycaret installation. Please run: `pip install cuml` to install.
2023-12-16 22:08:08,075:WARNING:
'cuml' is a soft dependency and not included in the pycaret installation. Please run: `pip install cuml` to install.
2024-01-03 09:22:28,479:WARNING:
'cuml' is a soft dependency and not included in the pycaret installation. Please run: `pip install cuml` to install.
2024-01-03 09:22:28,480:WARNING:
'cuml' is a soft dependency and not included in the pycaret installation. Please run: `pip install cuml` to install.
2024-01-03 09:22:28,480:WARNING:
'cuml' is a soft dependency and not included in the pycaret installation. Please run: `pip install cuml` to install.
2024-01-03 09:22:28,480:WARNING:
'cuml' is a soft dependency and not included in the pycaret installation. Please run: `pip install cuml` to install.
2024-01-06 00:06:24,795:WARNING:
'cuml' is a soft dependency and not included in the pycaret installation. Please run: `pip install cuml` to install.
2024-01-06 00:06:24,795:WARNING:
'cuml' is a soft dependency and not included in the pycaret installation. Please run: `pip install cuml` to install.
2024-01-06 00:06:24,796:WARNING:
'cuml' is a soft dependency and not included in the pycaret installation. Please run: `pip install cuml` to install.
2024-01-06 00:06:24,796:WARNING:
'cuml' is a soft dependency and not included in the pycaret installation. Please run: `pip install cuml` to install.
